<?xml version="1.0" encoding="UTF-8"?>
<!-- Generated by org.testng.reporters.JUnitReportReporter -->
<testsuite hostname="Harsh" failures="0" tests="1" name="Organization.TroubleTicket" time="16.534" errors="0" timestamp="2024-12-04T02:24:58 IST" skipped="0">
  <testcase classname="Organization.TroubleTicket" name="TroubTicket" time="16.534"/>
</testsuite> <!-- Organization.TroubleTicket -->
